<?xml version="1.0" encoding="UTF-8"?>
<!-- Generated by org.testng.reporters.JUnitReportReporter -->
<testsuite skipped="0" hostname="Avadhoot-PC" name="com.crm.qa.testcases.HomePagetest" tests="3" failures="0" timestamp="15 Mar 2019 05:07:15 GMT" time="47.959" errors="0">
  <testcase name="verifyHomePageTitleTest" time="17.023" classname="com.crm.qa.testcases.HomePagetest"/>
  <testcase name="verifyusernameTest" time="14.004" classname="com.crm.qa.testcases.HomePagetest"/>
  <testcase name="verifycontactsLinkTest" time="16.932" classname="com.crm.qa.testcases.HomePagetest"/>
</testsuite> <!-- com.crm.qa.testcases.HomePagetest -->
