<?xml version="1.0" encoding="UTF-8"?>
<!-- Generated by org.testng.reporters.JUnitReportReporter -->
<testsuite skipped="0" hostname="Avadhoot-PC" name="com.crm.qa.testcases.LoginPageTest" tests="3" failures="0" timestamp="15 Mar 2019 05:07:15 GMT" time="38.693" errors="0">
  <testcase name="loginPageTitleTest" time="9.542" classname="com.crm.qa.testcases.LoginPageTest"/>
  <testcase name="crmLogoImageTest" time="12.195" classname="com.crm.qa.testcases.LoginPageTest"/>
  <testcase name="loginTest" time="16.956" classname="com.crm.qa.testcases.LoginPageTest"/>
</testsuite> <!-- com.crm.qa.testcases.LoginPageTest -->
